<?xml version="1.0" encoding="UTF-8"?>
<!-- Generated by org.testng.reporters.JUnitXMLReporter -->
<testsuite ignored="0" hostname="HP-14dv2" failures="0" tests="6" name="ChromeTest" time="15.245" errors="0" timestamp="2025-07-31T23:44:44 IST">
  <testcase classname="com.SnapDeals.Tests.SearchTest" name="searchText" time="0.063"/>
  <testcase classname="com.SnapDeals.Tests.SearchTest" name="searchButton" time="0.263"/>
  <testcase classname="com.SnapDeals.Tests.SearchTest" name="search" time="2.532"/>
  <testcase classname="com.SnapDeals.Tests.SearchTest" name="sortBy" time="0.452"/>
  <testcase classname="com.SnapDeals.Tests.SearchTest" name="chooseItem" time="4.433"/>
  <testcase classname="com.SnapDeals.Tests.SearchTest" name="addItemToCart" time="3.578"/>
</testsuite> <!-- ChromeTest -->
