<?xml version="1.0" encoding="UTF-8"?>
<!-- Generated by org.testng.reporters.JUnitXMLReporter -->
<testsuite ignored="0" hostname="HP-14dv2" failures="0" tests="6" name="FirefoxTest" time="14.622" errors="0" timestamp="2025-07-31T23:44:44 IST">
  <testcase classname="com.SnapDeals.Tests.SearchTest" name="searchText" time="0.13"/>
  <testcase classname="com.SnapDeals.Tests.SearchTest" name="searchButton" time="0.448"/>
  <testcase classname="com.SnapDeals.Tests.SearchTest" name="search" time="2.039"/>
  <testcase classname="com.SnapDeals.Tests.SearchTest" name="sortBy" time="0.733"/>
  <testcase classname="com.SnapDeals.Tests.SearchTest" name="chooseItem" time="2.149"/>
  <testcase classname="com.SnapDeals.Tests.SearchTest" name="addItemToCart" time="1.029"/>
</testsuite> <!-- FirefoxTest -->
