<?xml version="1.0" encoding="UTF-8"?>
<!-- Generated by org.testng.reporters.JUnitXMLReporter -->
<testsuite ignored="0" hostname="HP-14dv2" failures="0" tests="6" name="EdgeTest" time="9.96" errors="0" timestamp="2025-07-30T22:53:13 IST">
  <testcase classname="com.SnapDeals.Tests.SearchTest" name="searchText" time="0.071"/>
  <testcase classname="com.SnapDeals.Tests.SearchTest" name="searchButton" time="0.182"/>
  <testcase classname="com.SnapDeals.Tests.SearchTest" name="search" time="2.269"/>
  <testcase classname="com.SnapDeals.Tests.SearchTest" name="sortBy" time="0.197"/>
  <testcase classname="com.SnapDeals.Tests.SearchTest" name="chooseItem" time="2.565"/>
  <testcase classname="com.SnapDeals.Tests.SearchTest" name="addItemToCart" time="1.336"/>
</testsuite> <!-- EdgeTest -->
