<?xml version="1.0" encoding="UTF-8"?>
<testng-results ignored="0" total="1" passed="1" failed="0" skipped="0">
  <reporter-output>
  </reporter-output>
  <suite started-at="2025-07-26T00:48:59 IST" name="Suite" finished-at="2025-07-26T00:49:49 IST" duration-ms="49522">
    <groups>
    </groups>
    <test started-at="2025-07-26T00:48:59 IST" name="Test" finished-at="2025-07-26T00:49:49 IST" duration-ms="49522">
      <class name="com.SnapDeals.Tests.LoginTest">
        <test-method is-config="true" signature="launchBrowser()[pri:0, instance:com.SnapDeals.Tests.LoginTest@5e5d171f]" started-at="2025-07-26T00:48:36 IST" name="launchBrowser" finished-at="2025-07-26T00:48:59 IST" duration-ms="23488" status="PASS">
          <reporter-output>
          </reporter-output>
        </test-method> <!-- launchBrowser -->
        <test-method signature="loginToSnapdeal()[pri:0, instance:com.SnapDeals.Tests.LoginTest@5e5d171f]" started-at="2025-07-26T00:48:59 IST" name="loginToSnapdeal" finished-at="2025-07-26T00:49:49 IST" duration-ms="49471" status="PASS">
          <reporter-output>
          </reporter-output>
        </test-method> <!-- loginToSnapdeal -->
        <test-method is-config="true" signature="tearDownSuite()[pri:0, instance:com.SnapDeals.Tests.LoginTest@5e5d171f]" started-at="2025-07-26T00:49:49 IST" name="tearDownSuite" finished-at="2025-07-26T00:49:49 IST" duration-ms="1" status="PASS">
          <reporter-output>
          </reporter-output>
        </test-method> <!-- tearDownSuite -->
      </class> <!-- com.SnapDeals.Tests.LoginTest -->
    </test> <!-- Test -->
  </suite> <!-- Suite -->
</testng-results>
