<?xml version="1.0" encoding="UTF-8"?>
<!-- Generated by org.testng.reporters.JUnitXMLReporter -->
<testsuite ignored="0" hostname="HP-14dv2" failures="0" tests="4" name="Default test" time="122.663" errors="0" timestamp="2025-07-26T22:16:27 IST">
  <testcase classname="com.SnapDeals.Tests.LoginTest" name="websiteCheck" time="0.065"/>
  <testcase classname="com.SnapDeals.Tests.LoginTest" name="loginPageCheck" time="4.696"/>
  <testcase classname="com.SnapDeals.Tests.LoginTest" name="FieldCheck" time="5.869"/>
  <testcase classname="com.SnapDeals.Tests.LoginTest" name="LoginCheck" time="43.284"/>
</testsuite> <!-- Default test -->
