<?xml version="1.0" encoding="UTF-8"?>
<!-- Generated by org.testng.reporters.JUnitXMLReporter -->
<testsuite ignored="0" hostname="HP-14dv2" failures="0" tests="6" name="FirefoxTests" time="17.536" errors="0" timestamp="2025-07-31T00:45:57 IST">
  <testcase classname="com.SnapDeals.Tests.SearchTest" name="searchText" time="0.094"/>
  <testcase classname="com.SnapDeals.Tests.SearchTest" name="searchButton" time="0.198"/>
  <testcase classname="com.SnapDeals.Tests.SearchTest" name="search" time="1.742"/>
  <testcase classname="com.SnapDeals.Tests.SearchTest" name="sortBy" time="0.662"/>
  <testcase classname="com.SnapDeals.Tests.SearchTest" name="chooseItem" time="1.863"/>
  <testcase classname="com.SnapDeals.Tests.SearchTest" name="addItemToCart" time="3.301"/>
</testsuite> <!-- FirefoxTests -->
